# Logfile created on 2012-06-14 23:58:48 +0200 by logger.rb/31641
  [1m[36m (1.6ms)[0m  [1mDELETE FROM short_messages[0m
  [1m[36m (1.4ms)[0m  [1mDELETE FROM short_messages[0m
  [1m[36m (1.3ms)[0m  [1mDELETE FROM short_messages[0m
  [1m[35m (0.1ms)[0m  begin transaction
  [1m[36mSQL (5.7ms)[0m  [1mINSERT INTO "short_messages" ("message", "response", "sent_at", "to") VALUES (?, ?, ?, ?)[0m  [["message", "Hello World"], ["response", {:ok=>true, :code=>"100", :message=>"SMS has been sent through Dummy Provider."}], ["sent_at", 2012-06-15 00:00:42 +0200], ["to", "12345"]]
  [1m[35m (1.1ms)[0m  commit transaction
  [1m[36m (1.4ms)[0m  [1mDELETE FROM short_messages[0m
  [1m[35m (0.1ms)[0m  begin transaction
  [1m[36mSQL (4.4ms)[0m  [1mINSERT INTO "short_messages" ("message", "response", "sent_at", "to") VALUES (?, ?, ?, ?)[0m  [["message", "Hello World"], ["response", {:ok=>true, :code=>"100", :message=>"SMS has been sent through Dummy Provider."}], ["sent_at", 2012-06-15 00:01:42 +0200], ["to", "12345"]]
  [1m[35m (1.4ms)[0m  commit transaction
  [1m[36m (1.4ms)[0m  [1mDELETE FROM short_messages[0m
  [1m[35m (0.1ms)[0m  begin transaction
  [1m[36mSQL (4.4ms)[0m  [1mINSERT INTO "short_messages" ("message", "response", "sent_at", "to") VALUES (?, ?, ?, ?)[0m  [["message", "Hello World"], ["response", {:ok=>true, :code=>"100", :message=>"SMS has been sent through Dummy Provider."}], ["sent_at", 2012-06-15 00:02:39 +0200], ["to", "12345"]]
  [1m[35m (1.4ms)[0m  commit transaction
  [1m[36m (1.9ms)[0m  [1mDELETE FROM short_messages[0m
  [1m[35m (0.1ms)[0m  begin transaction
  [1m[36mSQL (4.9ms)[0m  [1mINSERT INTO "short_messages" ("message", "response", "sent_at", "to") VALUES (?, ?, ?, ?)[0m  [["message", "Hello World"], ["response", {:ok=>true, :code=>"100", :message=>"SMS has been sent through Dummy Provider."}], ["sent_at", 2012-06-15 00:03:49 +0200], ["to", "12345"]]
  [1m[35m (1.4ms)[0m  commit transaction
  [1m[36m (1.0ms)[0m  [1mDELETE FROM short_messages[0m
  [1m[35m (0.1ms)[0m  begin transaction
  [1m[36mSQL (5.1ms)[0m  [1mINSERT INTO "short_messages" ("message", "response", "sent_at", "to") VALUES (?, ?, ?, ?)[0m  [["message", "Hello World"], ["response", {:ok=>true, :code=>"100", :message=>"SMS has been sent through Dummy Provider."}], ["sent_at", 2012-06-15 00:04:12 +0200], ["to", "12345"]]
  [1m[35m (1.4ms)[0m  commit transaction
  [1m[36m (1.1ms)[0m  [1mDELETE FROM short_messages[0m
  [1m[35m (0.1ms)[0m  begin transaction
  [1m[36mSQL (4.8ms)[0m  [1mINSERT INTO "short_messages" ("message", "response", "sent_at", "to") VALUES (?, ?, ?, ?)[0m  [["message", "Hello World"], ["response", {:ok=>true, :code=>"100", :message=>"SMS has been sent through Dummy Provider."}], ["sent_at", 2012-06-15 00:04:46 +0200], ["to", "12345"]]
  [1m[35m (1.2ms)[0m  commit transaction
  [1m[36m (1.1ms)[0m  [1mDELETE FROM short_messages[0m
  [1m[35m (0.1ms)[0m  begin transaction
  [1m[36mSQL (4.9ms)[0m  [1mINSERT INTO "short_messages" ("message", "response", "sent_at", "to") VALUES (?, ?, ?, ?)[0m  [["message", "Hello World"], ["response", {:ok=>true, :code=>"100", :message=>"SMS has been sent through Dummy Provider."}], ["sent_at", 2012-06-15 00:06:00 +0200], ["to", "12345"]]
  [1m[35m (1.3ms)[0m  commit transaction
  [1m[36m (1.4ms)[0m  [1mDELETE FROM short_messages[0m
  [1m[35m (0.1ms)[0m  begin transaction
  [1m[36mSQL (4.6ms)[0m  [1mINSERT INTO "short_messages" ("message", "response", "sent_at", "to") VALUES (?, ?, ?, ?)[0m  [["message", "Hello World"], ["response", {:ok=>true, :code=>"100", :message=>"SMS has been sent through Dummy Provider."}], ["sent_at", 2012-06-15 00:09:37 +0200], ["to", "12345"]]
  [1m[35m (1.4ms)[0m  commit transaction
